[2018-03-26 10:09:44] local.ERROR: PDOException: SQLSTATE[HY000] [1045] Access denied for user 'homestead'@'localhost' (using password: YES) in /Users/gouweiba/Code/moell-blog/vendor/illuminate/database/Connectors/Connector.php:55
Stack trace:
#0 /Users/gouweiba/Code/moell-blog/vendor/illuminate/database/Connectors/Connector.php(55): PDO->__construct('mysql:host=127....', 'homestead', 'secret', Array)
#1 /Users/gouweiba/Code/moell-blog/vendor/illuminate/database/Connectors/MySqlConnector.php(24): Illuminate\Database\Connectors\Connector->createConnection('mysql:host=127....', Array, Array)
#2 /Users/gouweiba/Code/moell-blog/bootstrap/cache/compiled.php(11844): Illuminate\Database\Connectors\MySqlConnector->connect(Array)
#3 [internal function]: Illuminate\Database\Connectors\ConnectionFactory->Illuminate\Database\Connectors\{closure}()
#4 /Users/gouweiba/Code/moell-blog/vendor/illuminate/database/Connection.php(908): call_user_func(Object(Closure))
#5 /Users/gouweiba/Code/moell-blog/vendor/illuminate/database/Connection.php(776): Illuminate\Database\Connection->getPdo()
#6 /Users/gouweiba/Code/moell-blog/vendor/illuminate/database/Connection.php(661): Illuminate\Database\Connection->reconnectIfMissingConnection()
#7 /Users/gouweiba/Code/moell-blog/vendor/illuminate/database/Connection.php(342): Illuminate\Database\Connection->run('select * from i...', Array, Object(Closure))
#8 /Users/gouweiba/Code/moell-blog/vendor/illuminate/database/Schema/MySqlBuilder.php(21): Illuminate\Database\Connection->select('select * from i...', Array)
#9 /Users/gouweiba/Code/moell-blog/vendor/illuminate/database/Migrations/DatabaseMigrationRepository.php(141): Illuminate\Database\Schema\MySqlBuilder->hasTable('migrations')
#10 /Users/gouweiba/Code/moell-blog/vendor/illuminate/database/Migrations/Migrator.php(404): Illuminate\Database\Migrations\DatabaseMigrationRepository->repositoryExists()
#11 /Users/gouweiba/Code/moell-blog/vendor/illuminate/database/Console/Migrations/MigrateCommand.php(103): Illuminate\Database\Migrations\Migrator->repositoryExists()
#12 /Users/gouweiba/Code/moell-blog/vendor/illuminate/database/Console/Migrations/MigrateCommand.php(58): Illuminate\Database\Console\Migrations\MigrateCommand->prepareDatabase()
#13 [internal function]: Illuminate\Database\Console\Migrations\MigrateCommand->fire()
#14 /Users/gouweiba/Code/moell-blog/bootstrap/cache/compiled.php(1257): call_user_func_array(Array, Array)
#15 /Users/gouweiba/Code/moell-blog/vendor/illuminate/console/Command.php(169): Illuminate\Container\Container->call(Array)
#16 /Users/gouweiba/Code/moell-blog/vendor/symfony/console/Command/Command.php(256): Illuminate\Console\Command->execute(Object(Symfony\Component\Console\Input\ArgvInput), Object(Symfony\Component\Console\Output\ConsoleOutput))
#17 /Users/gouweiba/Code/moell-blog/vendor/illuminate/console/Command.php(155): Symfony\Component\Console\Command\Command->run(Object(Symfony\Component\Console\Input\ArgvInput), Object(Symfony\Component\Console\Output\ConsoleOutput))
#18 /Users/gouweiba/Code/moell-blog/vendor/symfony/console/Application.php(794): Illuminate\Console\Command->run(Object(Symfony\Component\Console\Input\ArgvInput), Object(Symfony\Component\Console\Output\ConsoleOutput))
#19 /Users/gouweiba/Code/moell-blog/vendor/symfony/console/Application.php(186): Symfony\Component\Console\Application->doRunCommand(Object(Illuminate\Database\Console\Migrations\MigrateCommand), Object(Symfony\Component\Console\Input\ArgvInput), Object(Symfony\Component\Console\Output\ConsoleOutput))
#20 /Users/gouweiba/Code/moell-blog/vendor/symfony/console/Application.php(117): Symfony\Component\Console\Application->doRun(Object(Symfony\Component\Console\Input\ArgvInput), Object(Symfony\Component\Console\Output\ConsoleOutput))
#21 /Users/gouweiba/Code/moell-blog/vendor/laravel/framework/src/Illuminate/Foundation/Console/Kernel.php(107): Symfony\Component\Console\Application->run(Object(Symfony\Component\Console\Input\ArgvInput), Object(Symfony\Component\Console\Output\ConsoleOutput))
#22 /Users/gouweiba/Code/moell-blog/artisan(35): Illuminate\Foundation\Console\Kernel->handle(Object(Symfony\Component\Console\Input\ArgvInput), Object(Symfony\Component\Console\Output\ConsoleOutput))
#23 {main}  
[2018-03-26 11:51:42] local.ERROR: PDOException: SQLSTATE[HY000] [2002] Connection refused in /home/vagrant/Code/moell-blog/vendor/illuminate/database/Connectors/Connector.php:55
Stack trace:
#0 /home/vagrant/Code/moell-blog/vendor/illuminate/database/Connectors/Connector.php(55): PDO->__construct('mysql:host=127....', 'homestead', 'secret', Array)
#1 /home/vagrant/Code/moell-blog/vendor/illuminate/database/Connectors/MySqlConnector.php(24): Illuminate\Database\Connectors\Connector->createConnection('mysql:host=127....', Array, Array)
#2 /home/vagrant/Code/moell-blog/bootstrap/cache/compiled.php(11844): Illuminate\Database\Connectors\MySqlConnector->connect(Array)
#3 [internal function]: Illuminate\Database\Connectors\ConnectionFactory->Illuminate\Database\Connectors\{closure}()
#4 /home/vagrant/Code/moell-blog/vendor/illuminate/database/Connection.php(908): call_user_func(Object(Closure))
#5 /home/vagrant/Code/moell-blog/vendor/illuminate/database/Connection.php(776): Illuminate\Database\Connection->getPdo()
#6 /home/vagrant/Code/moell-blog/vendor/illuminate/database/Connection.php(661): Illuminate\Database\Connection->reconnectIfMissingConnection()
#7 /home/vagrant/Code/moell-blog/vendor/illuminate/database/Connection.php(342): Illuminate\Database\Connection->run('select count(*)...', Array, Object(Closure))
#8 /home/vagrant/Code/moell-blog/vendor/illuminate/database/Query/Builder.php(1583): Illuminate\Database\Connection->select('select count(*)...', Array, true)
#9 /home/vagrant/Code/moell-blog/vendor/illuminate/database/Query/Builder.php(1569): Illuminate\Database\Query\Builder->runSelect()
#10 /home/vagrant/Code/moell-blog/vendor/illuminate/database/Query/Builder.php(1644): Illuminate\Database\Query\Builder->get()
#11 /home/vagrant/Code/moell-blog/vendor/illuminate/database/Eloquent/Builder.php(487): Illuminate\Database\Query\Builder->getCountForPagination()
#12 /home/vagrant/Code/moell-blog/vendor/prettus/l5-repository/src/Prettus/Repository/Eloquent/BaseRepository.php(328): Illuminate\Database\Eloquent\Builder->paginate(15, Array)
#13 /home/vagrant/Code/moell-blog/app/Http/Controllers/HomeController.php(31): Prettus\Repository\Eloquent\BaseRepository->paginate()
#14 [internal function]: App\Http\Controllers\HomeController->index()
#15 /home/vagrant/Code/moell-blog/bootstrap/cache/compiled.php(9424): call_user_func_array(Array, Array)
#16 /home/vagrant/Code/moell-blog/bootstrap/cache/compiled.php(9486): Illuminate\Routing\Controller->callAction('index', Array)
#17 /home/vagrant/Code/moell-blog/bootstrap/cache/compiled.php(9466): Illuminate\Routing\ControllerDispatcher->call(Object(App\Http\Controllers\HomeController), Object(Illuminate\Routing\Route), 'index')
#18 [internal function]: Illuminate\Routing\ControllerDispatcher->Illuminate\Routing\{closure}(Object(Illuminate\Http\Request))
#19 /home/vagrant/Code/moell-blog/vendor/laravel/framework/src/Illuminate/Routing/Pipeline.php(52): call_user_func(Object(Closure), Object(Illuminate\Http\Request))
#20 [internal function]: Illuminate\Routing\Pipeline->Illuminate\Routing\{closure}(Object(Illuminate\Http\Request))
#21 /home/vagrant/Code/moell-blog/bootstrap/cache/compiled.php(9948): call_user_func(Object(Closure), Object(Illuminate\Http\Request))
#22 /home/vagrant/Code/moell-blog/bootstrap/cache/compiled.php(9467): Illuminate\Pipeline\Pipeline->then(Object(Closure))
#23 /home/vagrant/Code/moell-blog/bootstrap/cache/compiled.php(9454): Illuminate\Routing\ControllerDispatcher->callWithinStack(Object(App\Http\Controllers\HomeController), Object(Illuminate\Routing\Route), Object(Illuminate\Http\Request), 'index')
#24 /home/vagrant/Code/moell-blog/bootstrap/cache/compiled.php(8524): Illuminate\Routing\ControllerDispatcher->dispatch(Object(Illuminate\Routing\Route), Object(Illuminate\Http\Request), 'App\\Http\\Contro...', 'index')
#25 /home/vagrant/Code/moell-blog/bootstrap/cache/compiled.php(8511): Illuminate\Routing\Route->runController(Object(Illuminate\Http\Request))
#26 /home/vagrant/Code/moell-blog/bootstrap/cache/compiled.php(8225): Illuminate\Routing\Route->run(Object(Illuminate\Http\Request))
#27 [internal function]: Illuminate\Routing\Router->Illuminate\Routing\{closure}(Object(Illuminate\Http\Request))
#28 /home/vagrant/Code/moell-blog/vendor/laravel/framework/src/Illuminate/Routing/Pipeline.php(52): call_user_func(Object(Closure), Object(Illuminate\Http\Request))
#29 /home/vagrant/Code/moell-blog/bootstrap/cache/compiled.php(3225): Illuminate\Routing\Pipeline->Illuminate\Routing\{closure}(Object(Illuminate\Http\Request))
#30 [internal function]: Illuminate\Foundation\Http\Middleware\VerifyCsrfToken->handle(Object(Illuminate\Http\Request), Object(Closure))
#31 /home/vagrant/Code/moell-blog/bootstrap/cache/compiled.php(9963): call_user_func_array(Array, Array)
#32 [internal function]: Illuminate\Pipeline\Pipeline->Illuminate\Pipeline\{closure}(Object(Illuminate\Http\Request))
#33 /home/vagrant/Code/moell-blog/vendor/laravel/framework/src/Illuminate/Routing/Pipeline.php(32): call_user_func(Object(Closure), Object(Illuminate\Http\Request))
#34 /home/vagrant/Code/moell-blog/bootstrap/cache/compiled.php(13473): Illuminate\Routing\Pipeline->Illuminate\Routing\{closure}(Object(Illuminate\Http\Request))
#35 [internal function]: Illuminate\View\Middleware\ShareErrorsFromSession->handle(Object(Illuminate\Http\Request), Object(Closure))
#36 /home/vagrant/Code/moell-blog/bootstrap/cache/compiled.php(9963): call_user_func_array(Array, Array)
#37 [internal function]: Illuminate\Pipeline\Pipeline->Illuminate\Pipeline\{closure}(Object(Illuminate\Http\Request))
#38 /home/vagrant/Code/moell-blog/vendor/laravel/framework/src/Illuminate/Routing/Pipeline.php(32): call_user_func(Object(Closure), Object(Illuminate\Http\Request))
#39 /home/vagrant/Code/moell-blog/bootstrap/cache/compiled.php(11963): Illuminate\Routing\Pipeline->Illuminate\Routing\{closure}(Object(Illuminate\Http\Request))
#40 [internal function]: Illuminate\Session\Middleware\StartSession->handle(Object(Illuminate\Http\Request), Object(Closure))
#41 /home/vagrant/Code/moell-blog/bootstrap/cache/compiled.php(9963): call_user_func_array(Array, Array)
#42 [internal function]: Illuminate\Pipeline\Pipeline->Illuminate\Pipeline\{closure}(Object(Illuminate\Http\Request))
#43 /home/vagrant/Code/moell-blog/vendor/laravel/framework/src/Illuminate/Routing/Pipeline.php(32): call_user_func(Object(Closure), Object(Illuminate\Http\Request))
#44 /home/vagrant/Code/moell-blog/bootstrap/cache/compiled.php(13212): Illuminate\Routing\Pipeline->Illuminate\Routing\{closure}(Object(Illuminate\Http\Request))
#45 [internal function]: Illuminate\Cookie\Middleware\AddQueuedCookiesToResponse->handle(Object(Illuminate\Http\Request), Object(Closure))
#46 /home/vagrant/Code/moell-blog/bootstrap/cache/compiled.php(9963): call_user_func_array(Array, Array)
#47 [internal function]: Illuminate\Pipeline\Pipeline->Illuminate\Pipeline\{closure}(Object(Illuminate\Http\Request))
#48 /home/vagrant/Code/moell-blog/vendor/laravel/framework/src/Illuminate/Routing/Pipeline.php(32): call_user_func(Object(Closure), Object(Illuminate\Http\Request))
#49 /home/vagrant/Code/moell-blog/bootstrap/cache/compiled.php(13149): Illuminate\Routing\Pipeline->Illuminate\Routing\{closure}(Object(Illuminate\Http\Request))
#50 [internal function]: Illuminate\Cookie\Middleware\EncryptCookies->handle(Object(Illuminate\Http\Request), Object(Closure))
#51 /home/vagrant/Code/moell-blog/bootstrap/cache/compiled.php(9963): call_user_func_array(Array, Array)
#52 [internal function]: Illuminate\Pipeline\Pipeline->Illuminate\Pipeline\{closure}(Object(Illuminate\Http\Request))
#53 /home/vagrant/Code/moell-blog/vendor/laravel/framework/src/Illuminate/Routing/Pipeline.php(32): call_user_func(Object(Closure), Object(Illuminate\Http\Request))
#54 [internal function]: Illuminate\Routing\Pipeline->Illuminate\Routing\{closure}(Object(Illuminate\Http\Request))
#55 /home/vagrant/Code/moell-blog/bootstrap/cache/compiled.php(9948): call_user_func(Object(Closure), Object(Illuminate\Http\Request))
#56 /home/vagrant/Code/moell-blog/bootstrap/cache/compiled.php(8226): Illuminate\Pipeline\Pipeline->then(Object(Closure))
#57 /home/vagrant/Code/moell-blog/bootstrap/cache/compiled.php(8217): Illuminate\Routing\Router->runRouteWithinStack(Object(Illuminate\Routing\Route), Object(Illuminate\Http\Request))
#58 /home/vagrant/Code/moell-blog/bootstrap/cache/compiled.php(8207): Illuminate\Routing\Router->dispatchToRoute(Object(Illuminate\Http\Request))
#59 /home/vagrant/Code/moell-blog/bootstrap/cache/compiled.php(2419): Illuminate\Routing\Router->dispatch(Object(Illuminate\Http\Request))
#60 [internal function]: Illuminate\Foundation\Http\Kernel->Illuminate\Foundation\Http\{closure}(Object(Illuminate\Http\Request))
#61 /home/vagrant/Code/moell-blog/vendor/laravel/framework/src/Illuminate/Routing/Pipeline.php(52): call_user_func(Object(Closure), Object(Illuminate\Http\Request))
#62 /home/vagrant/Code/moell-blog/vendor/barryvdh/laravel-debugbar/src/Middleware/Debugbar.php(49): Illuminate\Routing\Pipeline->Illuminate\Routing\{closure}(Object(Illuminate\Http\Request))
#63 [internal function]: Barryvdh\Debugbar\Middleware\Debugbar->handle(Object(Illuminate\Http\Request), Object(Closure))
#64 /home/vagrant/Code/moell-blog/bootstrap/cache/compiled.php(9963): call_user_func_array(Array, Array)
#65 [internal function]: Illuminate\Pipeline\Pipeline->Illuminate\Pipeline\{closure}(Object(Illuminate\Http\Request))
#66 /home/vagrant/Code/moell-blog/vendor/laravel/framework/src/Illuminate/Routing/Pipeline.php(32): call_user_func(Object(Closure), Object(Illuminate\Http\Request))
#67 /home/vagrant/Code/moell-blog/bootstrap/cache/compiled.php(3286): Illuminate\Routing\Pipeline->Illuminate\Routing\{closure}(Object(Illuminate\Http\Request))
#68 [internal function]: Illuminate\Foundation\Http\Middleware\CheckForMaintenanceMode->handle(Object(Illuminate\Http\Request), Object(Closure))
#69 /home/vagrant/Code/moell-blog/bootstrap/cache/compiled.php(9963): call_user_func_array(Array, Array)
#70 [internal function]: Illuminate\Pipeline\Pipeline->Illuminate\Pipeline\{closure}(Object(Illuminate\Http\Request))
#71 /home/vagrant/Code/moell-blog/vendor/laravel/framework/src/Illuminate/Routing/Pipeline.php(32): call_user_func(Object(Closure), Object(Illuminate\Http\Request))
#72 [internal function]: Illuminate\Routing\Pipeline->Illuminate\Routing\{closure}(Object(Illuminate\Http\Request))
#73 /home/vagrant/Code/moell-blog/bootstrap/cache/compiled.php(9948): call_user_func(Object(Closure), Object(Illuminate\Http\Request))
#74 /home/vagrant/Code/moell-blog/bootstrap/cache/compiled.php(2366): Illuminate\Pipeline\Pipeline->then(Object(Closure))
#75 /home/vagrant/Code/moell-blog/bootstrap/cache/compiled.php(2350): Illuminate\Foundation\Http\Kernel->sendRequestThroughRouter(Object(Illuminate\Http\Request))
#76 /home/vagrant/Code/moell-blog/public/index.php(53): Illuminate\Foundation\Http\Kernel->handle(Object(Illuminate\Http\Request))
#77 {main}  
[2018-03-26 11:52:45] local.ERROR: PDOException: SQLSTATE[HY000] [2002] Connection refused in /home/vagrant/Code/moell-blog/vendor/illuminate/database/Connectors/Connector.php:55
Stack trace:
#0 /home/vagrant/Code/moell-blog/vendor/illuminate/database/Connectors/Connector.php(55): PDO->__construct('mysql:host=192....', 'homestead', 'secret', Array)
#1 /home/vagrant/Code/moell-blog/vendor/illuminate/database/Connectors/MySqlConnector.php(24): Illuminate\Database\Connectors\Connector->createConnection('mysql:host=192....', Array, Array)
#2 /home/vagrant/Code/moell-blog/bootstrap/cache/compiled.php(11844): Illuminate\Database\Connectors\MySqlConnector->connect(Array)
#3 [internal function]: Illuminate\Database\Connectors\ConnectionFactory->Illuminate\Database\Connectors\{closure}()
#4 /home/vagrant/Code/moell-blog/vendor/illuminate/database/Connection.php(908): call_user_func(Object(Closure))
#5 /home/vagrant/Code/moell-blog/vendor/illuminate/database/Connection.php(776): Illuminate\Database\Connection->getPdo()
#6 /home/vagrant/Code/moell-blog/vendor/illuminate/database/Connection.php(661): Illuminate\Database\Connection->reconnectIfMissingConnection()
#7 /home/vagrant/Code/moell-blog/vendor/illuminate/database/Connection.php(342): Illuminate\Database\Connection->run('select count(*)...', Array, Object(Closure))
#8 /home/vagrant/Code/moell-blog/vendor/illuminate/database/Query/Builder.php(1583): Illuminate\Database\Connection->select('select count(*)...', Array, true)
#9 /home/vagrant/Code/moell-blog/vendor/illuminate/database/Query/Builder.php(1569): Illuminate\Database\Query\Builder->runSelect()
#10 /home/vagrant/Code/moell-blog/vendor/illuminate/database/Query/Builder.php(1644): Illuminate\Database\Query\Builder->get()
#11 /home/vagrant/Code/moell-blog/vendor/illuminate/database/Eloquent/Builder.php(487): Illuminate\Database\Query\Builder->getCountForPagination()
#12 /home/vagrant/Code/moell-blog/vendor/prettus/l5-repository/src/Prettus/Repository/Eloquent/BaseRepository.php(328): Illuminate\Database\Eloquent\Builder->paginate(15, Array)
#13 /home/vagrant/Code/moell-blog/app/Http/Controllers/HomeController.php(31): Prettus\Repository\Eloquent\BaseRepository->paginate()
#14 [internal function]: App\Http\Controllers\HomeController->index()
#15 /home/vagrant/Code/moell-blog/bootstrap/cache/compiled.php(9424): call_user_func_array(Array, Array)
#16 /home/vagrant/Code/moell-blog/bootstrap/cache/compiled.php(9486): Illuminate\Routing\Controller->callAction('index', Array)
#17 /home/vagrant/Code/moell-blog/bootstrap/cache/compiled.php(9466): Illuminate\Routing\ControllerDispatcher->call(Object(App\Http\Controllers\HomeController), Object(Illuminate\Routing\Route), 'index')
#18 [internal function]: Illuminate\Routing\ControllerDispatcher->Illuminate\Routing\{closure}(Object(Illuminate\Http\Request))
#19 /home/vagrant/Code/moell-blog/vendor/laravel/framework/src/Illuminate/Routing/Pipeline.php(52): call_user_func(Object(Closure), Object(Illuminate\Http\Request))
#20 [internal function]: Illuminate\Routing\Pipeline->Illuminate\Routing\{closure}(Object(Illuminate\Http\Request))
#21 /home/vagrant/Code/moell-blog/bootstrap/cache/compiled.php(9948): call_user_func(Object(Closure), Object(Illuminate\Http\Request))
#22 /home/vagrant/Code/moell-blog/bootstrap/cache/compiled.php(9467): Illuminate\Pipeline\Pipeline->then(Object(Closure))
#23 /home/vagrant/Code/moell-blog/bootstrap/cache/compiled.php(9454): Illuminate\Routing\ControllerDispatcher->callWithinStack(Object(App\Http\Controllers\HomeController), Object(Illuminate\Routing\Route), Object(Illuminate\Http\Request), 'index')
#24 /home/vagrant/Code/moell-blog/bootstrap/cache/compiled.php(8524): Illuminate\Routing\ControllerDispatcher->dispatch(Object(Illuminate\Routing\Route), Object(Illuminate\Http\Request), 'App\\Http\\Contro...', 'index')
#25 /home/vagrant/Code/moell-blog/bootstrap/cache/compiled.php(8511): Illuminate\Routing\Route->runController(Object(Illuminate\Http\Request))
#26 /home/vagrant/Code/moell-blog/bootstrap/cache/compiled.php(8225): Illuminate\Routing\Route->run(Object(Illuminate\Http\Request))
#27 [internal function]: Illuminate\Routing\Router->Illuminate\Routing\{closure}(Object(Illuminate\Http\Request))
#28 /home/vagrant/Code/moell-blog/vendor/laravel/framework/src/Illuminate/Routing/Pipeline.php(52): call_user_func(Object(Closure), Object(Illuminate\Http\Request))
#29 /home/vagrant/Code/moell-blog/bootstrap/cache/compiled.php(3225): Illuminate\Routing\Pipeline->Illuminate\Routing\{closure}(Object(Illuminate\Http\Request))
#30 [internal function]: Illuminate\Foundation\Http\Middleware\VerifyCsrfToken->handle(Object(Illuminate\Http\Request), Object(Closure))
#31 /home/vagrant/Code/moell-blog/bootstrap/cache/compiled.php(9963): call_user_func_array(Array, Array)
#32 [internal function]: Illuminate\Pipeline\Pipeline->Illuminate\Pipeline\{closure}(Object(Illuminate\Http\Request))
#33 /home/vagrant/Code/moell-blog/vendor/laravel/framework/src/Illuminate/Routing/Pipeline.php(32): call_user_func(Object(Closure), Object(Illuminate\Http\Request))
#34 /home/vagrant/Code/moell-blog/bootstrap/cache/compiled.php(13473): Illuminate\Routing\Pipeline->Illuminate\Routing\{closure}(Object(Illuminate\Http\Request))
#35 [internal function]: Illuminate\View\Middleware\ShareErrorsFromSession->handle(Object(Illuminate\Http\Request), Object(Closure))
#36 /home/vagrant/Code/moell-blog/bootstrap/cache/compiled.php(9963): call_user_func_array(Array, Array)
#37 [internal function]: Illuminate\Pipeline\Pipeline->Illuminate\Pipeline\{closure}(Object(Illuminate\Http\Request))
#38 /home/vagrant/Code/moell-blog/vendor/laravel/framework/src/Illuminate/Routing/Pipeline.php(32): call_user_func(Object(Closure), Object(Illuminate\Http\Request))
#39 /home/vagrant/Code/moell-blog/bootstrap/cache/compiled.php(11963): Illuminate\Routing\Pipeline->Illuminate\Routing\{closure}(Object(Illuminate\Http\Request))
#40 [internal function]: Illuminate\Session\Middleware\StartSession->handle(Object(Illuminate\Http\Request), Object(Closure))
#41 /home/vagrant/Code/moell-blog/bootstrap/cache/compiled.php(9963): call_user_func_array(Array, Array)
#42 [internal function]: Illuminate\Pipeline\Pipeline->Illuminate\Pipeline\{closure}(Object(Illuminate\Http\Request))
#43 /home/vagrant/Code/moell-blog/vendor/laravel/framework/src/Illuminate/Routing/Pipeline.php(32): call_user_func(Object(Closure), Object(Illuminate\Http\Request))
#44 /home/vagrant/Code/moell-blog/bootstrap/cache/compiled.php(13212): Illuminate\Routing\Pipeline->Illuminate\Routing\{closure}(Object(Illuminate\Http\Request))
#45 [internal function]: Illuminate\Cookie\Middleware\AddQueuedCookiesToResponse->handle(Object(Illuminate\Http\Request), Object(Closure))
#46 /home/vagrant/Code/moell-blog/bootstrap/cache/compiled.php(9963): call_user_func_array(Array, Array)
#47 [internal function]: Illuminate\Pipeline\Pipeline->Illuminate\Pipeline\{closure}(Object(Illuminate\Http\Request))
#48 /home/vagrant/Code/moell-blog/vendor/laravel/framework/src/Illuminate/Routing/Pipeline.php(32): call_user_func(Object(Closure), Object(Illuminate\Http\Request))
#49 /home/vagrant/Code/moell-blog/bootstrap/cache/compiled.php(13149): Illuminate\Routing\Pipeline->Illuminate\Routing\{closure}(Object(Illuminate\Http\Request))
#50 [internal function]: Illuminate\Cookie\Middleware\EncryptCookies->handle(Object(Illuminate\Http\Request), Object(Closure))
#51 /home/vagrant/Code/moell-blog/bootstrap/cache/compiled.php(9963): call_user_func_array(Array, Array)
#52 [internal function]: Illuminate\Pipeline\Pipeline->Illuminate\Pipeline\{closure}(Object(Illuminate\Http\Request))
#53 /home/vagrant/Code/moell-blog/vendor/laravel/framework/src/Illuminate/Routing/Pipeline.php(32): call_user_func(Object(Closure), Object(Illuminate\Http\Request))
#54 [internal function]: Illuminate\Routing\Pipeline->Illuminate\Routing\{closure}(Object(Illuminate\Http\Request))
#55 /home/vagrant/Code/moell-blog/bootstrap/cache/compiled.php(9948): call_user_func(Object(Closure), Object(Illuminate\Http\Request))
#56 /home/vagrant/Code/moell-blog/bootstrap/cache/compiled.php(8226): Illuminate\Pipeline\Pipeline->then(Object(Closure))
#57 /home/vagrant/Code/moell-blog/bootstrap/cache/compiled.php(8217): Illuminate\Routing\Router->runRouteWithinStack(Object(Illuminate\Routing\Route), Object(Illuminate\Http\Request))
#58 /home/vagrant/Code/moell-blog/bootstrap/cache/compiled.php(8207): Illuminate\Routing\Router->dispatchToRoute(Object(Illuminate\Http\Request))
#59 /home/vagrant/Code/moell-blog/bootstrap/cache/compiled.php(2419): Illuminate\Routing\Router->dispatch(Object(Illuminate\Http\Request))
#60 [internal function]: Illuminate\Foundation\Http\Kernel->Illuminate\Foundation\Http\{closure}(Object(Illuminate\Http\Request))
#61 /home/vagrant/Code/moell-blog/vendor/laravel/framework/src/Illuminate/Routing/Pipeline.php(52): call_user_func(Object(Closure), Object(Illuminate\Http\Request))
#62 /home/vagrant/Code/moell-blog/vendor/barryvdh/laravel-debugbar/src/Middleware/Debugbar.php(49): Illuminate\Routing\Pipeline->Illuminate\Routing\{closure}(Object(Illuminate\Http\Request))
#63 [internal function]: Barryvdh\Debugbar\Middleware\Debugbar->handle(Object(Illuminate\Http\Request), Object(Closure))
#64 /home/vagrant/Code/moell-blog/bootstrap/cache/compiled.php(9963): call_user_func_array(Array, Array)
#65 [internal function]: Illuminate\Pipeline\Pipeline->Illuminate\Pipeline\{closure}(Object(Illuminate\Http\Request))
#66 /home/vagrant/Code/moell-blog/vendor/laravel/framework/src/Illuminate/Routing/Pipeline.php(32): call_user_func(Object(Closure), Object(Illuminate\Http\Request))
#67 /home/vagrant/Code/moell-blog/bootstrap/cache/compiled.php(3286): Illuminate\Routing\Pipeline->Illuminate\Routing\{closure}(Object(Illuminate\Http\Request))
#68 [internal function]: Illuminate\Foundation\Http\Middleware\CheckForMaintenanceMode->handle(Object(Illuminate\Http\Request), Object(Closure))
#69 /home/vagrant/Code/moell-blog/bootstrap/cache/compiled.php(9963): call_user_func_array(Array, Array)
#70 [internal function]: Illuminate\Pipeline\Pipeline->Illuminate\Pipeline\{closure}(Object(Illuminate\Http\Request))
#71 /home/vagrant/Code/moell-blog/vendor/laravel/framework/src/Illuminate/Routing/Pipeline.php(32): call_user_func(Object(Closure), Object(Illuminate\Http\Request))
#72 [internal function]: Illuminate\Routing\Pipeline->Illuminate\Routing\{closure}(Object(Illuminate\Http\Request))
#73 /home/vagrant/Code/moell-blog/bootstrap/cache/compiled.php(9948): call_user_func(Object(Closure), Object(Illuminate\Http\Request))
#74 /home/vagrant/Code/moell-blog/bootstrap/cache/compiled.php(2366): Illuminate\Pipeline\Pipeline->then(Object(Closure))
#75 /home/vagrant/Code/moell-blog/bootstrap/cache/compiled.php(2350): Illuminate\Foundation\Http\Kernel->sendRequestThroughRouter(Object(Illuminate\Http\Request))
#76 /home/vagrant/Code/moell-blog/public/index.php(53): Illuminate\Foundation\Http\Kernel->handle(Object(Illuminate\Http\Request))
#77 {main}  
[2018-03-26 11:54:57] local.ERROR: PDOException: SQLSTATE[HY000] [2002] Connection refused in /home/vagrant/Code/moell-blog/vendor/illuminate/database/Connectors/Connector.php:55
Stack trace:
#0 /home/vagrant/Code/moell-blog/vendor/illuminate/database/Connectors/Connector.php(55): PDO->__construct('mysql:host=127....', 'homestead', 'secret', Array)
#1 /home/vagrant/Code/moell-blog/vendor/illuminate/database/Connectors/MySqlConnector.php(24): Illuminate\Database\Connectors\Connector->createConnection('mysql:host=127....', Array, Array)
#2 /home/vagrant/Code/moell-blog/bootstrap/cache/compiled.php(11844): Illuminate\Database\Connectors\MySqlConnector->connect(Array)
#3 [internal function]: Illuminate\Database\Connectors\ConnectionFactory->Illuminate\Database\Connectors\{closure}()
#4 /home/vagrant/Code/moell-blog/vendor/illuminate/database/Connection.php(908): call_user_func(Object(Closure))
#5 /home/vagrant/Code/moell-blog/vendor/illuminate/database/Connection.php(776): Illuminate\Database\Connection->getPdo()
#6 /home/vagrant/Code/moell-blog/vendor/illuminate/database/Connection.php(661): Illuminate\Database\Connection->reconnectIfMissingConnection()
#7 /home/vagrant/Code/moell-blog/vendor/illuminate/database/Connection.php(342): Illuminate\Database\Connection->run('select count(*)...', Array, Object(Closure))
#8 /home/vagrant/Code/moell-blog/vendor/illuminate/database/Query/Builder.php(1583): Illuminate\Database\Connection->select('select count(*)...', Array, true)
#9 /home/vagrant/Code/moell-blog/vendor/illuminate/database/Query/Builder.php(1569): Illuminate\Database\Query\Builder->runSelect()
#10 /home/vagrant/Code/moell-blog/vendor/illuminate/database/Query/Builder.php(1644): Illuminate\Database\Query\Builder->get()
#11 /home/vagrant/Code/moell-blog/vendor/illuminate/database/Eloquent/Builder.php(487): Illuminate\Database\Query\Builder->getCountForPagination()
#12 /home/vagrant/Code/moell-blog/vendor/prettus/l5-repository/src/Prettus/Repository/Eloquent/BaseRepository.php(328): Illuminate\Database\Eloquent\Builder->paginate(15, Array)
#13 /home/vagrant/Code/moell-blog/app/Http/Controllers/HomeController.php(31): Prettus\Repository\Eloquent\BaseRepository->paginate()
#14 [internal function]: App\Http\Controllers\HomeController->index()
#15 /home/vagrant/Code/moell-blog/bootstrap/cache/compiled.php(9424): call_user_func_array(Array, Array)
#16 /home/vagrant/Code/moell-blog/bootstrap/cache/compiled.php(9486): Illuminate\Routing\Controller->callAction('index', Array)
#17 /home/vagrant/Code/moell-blog/bootstrap/cache/compiled.php(9466): Illuminate\Routing\ControllerDispatcher->call(Object(App\Http\Controllers\HomeController), Object(Illuminate\Routing\Route), 'index')
#18 [internal function]: Illuminate\Routing\ControllerDispatcher->Illuminate\Routing\{closure}(Object(Illuminate\Http\Request))
#19 /home/vagrant/Code/moell-blog/vendor/laravel/framework/src/Illuminate/Routing/Pipeline.php(52): call_user_func(Object(Closure), Object(Illuminate\Http\Request))
#20 [internal function]: Illuminate\Routing\Pipeline->Illuminate\Routing\{closure}(Object(Illuminate\Http\Request))
#21 /home/vagrant/Code/moell-blog/bootstrap/cache/compiled.php(9948): call_user_func(Object(Closure), Object(Illuminate\Http\Request))
#22 /home/vagrant/Code/moell-blog/bootstrap/cache/compiled.php(9467): Illuminate\Pipeline\Pipeline->then(Object(Closure))
#23 /home/vagrant/Code/moell-blog/bootstrap/cache/compiled.php(9454): Illuminate\Routing\ControllerDispatcher->callWithinStack(Object(App\Http\Controllers\HomeController), Object(Illuminate\Routing\Route), Object(Illuminate\Http\Request), 'index')
#24 /home/vagrant/Code/moell-blog/bootstrap/cache/compiled.php(8524): Illuminate\Routing\ControllerDispatcher->dispatch(Object(Illuminate\Routing\Route), Object(Illuminate\Http\Request), 'App\\Http\\Contro...', 'index')
#25 /home/vagrant/Code/moell-blog/bootstrap/cache/compiled.php(8511): Illuminate\Routing\Route->runController(Object(Illuminate\Http\Request))
#26 /home/vagrant/Code/moell-blog/bootstrap/cache/compiled.php(8225): Illuminate\Routing\Route->run(Object(Illuminate\Http\Request))
#27 [internal function]: Illuminate\Routing\Router->Illuminate\Routing\{closure}(Object(Illuminate\Http\Request))
#28 /home/vagrant/Code/moell-blog/vendor/laravel/framework/src/Illuminate/Routing/Pipeline.php(52): call_user_func(Object(Closure), Object(Illuminate\Http\Request))
#29 /home/vagrant/Code/moell-blog/bootstrap/cache/compiled.php(3225): Illuminate\Routing\Pipeline->Illuminate\Routing\{closure}(Object(Illuminate\Http\Request))
#30 [internal function]: Illuminate\Foundation\Http\Middleware\VerifyCsrfToken->handle(Object(Illuminate\Http\Request), Object(Closure))
#31 /home/vagrant/Code/moell-blog/bootstrap/cache/compiled.php(9963): call_user_func_array(Array, Array)
#32 [internal function]: Illuminate\Pipeline\Pipeline->Illuminate\Pipeline\{closure}(Object(Illuminate\Http\Request))
#33 /home/vagrant/Code/moell-blog/vendor/laravel/framework/src/Illuminate/Routing/Pipeline.php(32): call_user_func(Object(Closure), Object(Illuminate\Http\Request))
#34 /home/vagrant/Code/moell-blog/bootstrap/cache/compiled.php(13473): Illuminate\Routing\Pipeline->Illuminate\Routing\{closure}(Object(Illuminate\Http\Request))
#35 [internal function]: Illuminate\View\Middleware\ShareErrorsFromSession->handle(Object(Illuminate\Http\Request), Object(Closure))
#36 /home/vagrant/Code/moell-blog/bootstrap/cache/compiled.php(9963): call_user_func_array(Array, Array)
#37 [internal function]: Illuminate\Pipeline\Pipeline->Illuminate\Pipeline\{closure}(Object(Illuminate\Http\Request))
#38 /home/vagrant/Code/moell-blog/vendor/laravel/framework/src/Illuminate/Routing/Pipeline.php(32): call_user_func(Object(Closure), Object(Illuminate\Http\Request))
#39 /home/vagrant/Code/moell-blog/bootstrap/cache/compiled.php(11963): Illuminate\Routing\Pipeline->Illuminate\Routing\{closure}(Object(Illuminate\Http\Request))
#40 [internal function]: Illuminate\Session\Middleware\StartSession->handle(Object(Illuminate\Http\Request), Object(Closure))
#41 /home/vagrant/Code/moell-blog/bootstrap/cache/compiled.php(9963): call_user_func_array(Array, Array)
#42 [internal function]: Illuminate\Pipeline\Pipeline->Illuminate\Pipeline\{closure}(Object(Illuminate\Http\Request))
#43 /home/vagrant/Code/moell-blog/vendor/laravel/framework/src/Illuminate/Routing/Pipeline.php(32): call_user_func(Object(Closure), Object(Illuminate\Http\Request))
#44 /home/vagrant/Code/moell-blog/bootstrap/cache/compiled.php(13212): Illuminate\Routing\Pipeline->Illuminate\Routing\{closure}(Object(Illuminate\Http\Request))
#45 [internal function]: Illuminate\Cookie\Middleware\AddQueuedCookiesToResponse->handle(Object(Illuminate\Http\Request), Object(Closure))
#46 /home/vagrant/Code/moell-blog/bootstrap/cache/compiled.php(9963): call_user_func_array(Array, Array)
#47 [internal function]: Illuminate\Pipeline\Pipeline->Illuminate\Pipeline\{closure}(Object(Illuminate\Http\Request))
#48 /home/vagrant/Code/moell-blog/vendor/laravel/framework/src/Illuminate/Routing/Pipeline.php(32): call_user_func(Object(Closure), Object(Illuminate\Http\Request))
#49 /home/vagrant/Code/moell-blog/bootstrap/cache/compiled.php(13149): Illuminate\Routing\Pipeline->Illuminate\Routing\{closure}(Object(Illuminate\Http\Request))
#50 [internal function]: Illuminate\Cookie\Middleware\EncryptCookies->handle(Object(Illuminate\Http\Request), Object(Closure))
#51 /home/vagrant/Code/moell-blog/bootstrap/cache/compiled.php(9963): call_user_func_array(Array, Array)
#52 [internal function]: Illuminate\Pipeline\Pipeline->Illuminate\Pipeline\{closure}(Object(Illuminate\Http\Request))
#53 /home/vagrant/Code/moell-blog/vendor/laravel/framework/src/Illuminate/Routing/Pipeline.php(32): call_user_func(Object(Closure), Object(Illuminate\Http\Request))
#54 [internal function]: Illuminate\Routing\Pipeline->Illuminate\Routing\{closure}(Object(Illuminate\Http\Request))
#55 /home/vagrant/Code/moell-blog/bootstrap/cache/compiled.php(9948): call_user_func(Object(Closure), Object(Illuminate\Http\Request))
#56 /home/vagrant/Code/moell-blog/bootstrap/cache/compiled.php(8226): Illuminate\Pipeline\Pipeline->then(Object(Closure))
#57 /home/vagrant/Code/moell-blog/bootstrap/cache/compiled.php(8217): Illuminate\Routing\Router->runRouteWithinStack(Object(Illuminate\Routing\Route), Object(Illuminate\Http\Request))
#58 /home/vagrant/Code/moell-blog/bootstrap/cache/compiled.php(8207): Illuminate\Routing\Router->dispatchToRoute(Object(Illuminate\Http\Request))
#59 /home/vagrant/Code/moell-blog/bootstrap/cache/compiled.php(2419): Illuminate\Routing\Router->dispatch(Object(Illuminate\Http\Request))
#60 [internal function]: Illuminate\Foundation\Http\Kernel->Illuminate\Foundation\Http\{closure}(Object(Illuminate\Http\Request))
#61 /home/vagrant/Code/moell-blog/vendor/laravel/framework/src/Illuminate/Routing/Pipeline.php(52): call_user_func(Object(Closure), Object(Illuminate\Http\Request))
#62 /home/vagrant/Code/moell-blog/vendor/barryvdh/laravel-debugbar/src/Middleware/Debugbar.php(49): Illuminate\Routing\Pipeline->Illuminate\Routing\{closure}(Object(Illuminate\Http\Request))
#63 [internal function]: Barryvdh\Debugbar\Middleware\Debugbar->handle(Object(Illuminate\Http\Request), Object(Closure))
#64 /home/vagrant/Code/moell-blog/bootstrap/cache/compiled.php(9963): call_user_func_array(Array, Array)
#65 [internal function]: Illuminate\Pipeline\Pipeline->Illuminate\Pipeline\{closure}(Object(Illuminate\Http\Request))
#66 /home/vagrant/Code/moell-blog/vendor/laravel/framework/src/Illuminate/Routing/Pipeline.php(32): call_user_func(Object(Closure), Object(Illuminate\Http\Request))
#67 /home/vagrant/Code/moell-blog/bootstrap/cache/compiled.php(3286): Illuminate\Routing\Pipeline->Illuminate\Routing\{closure}(Object(Illuminate\Http\Request))
#68 [internal function]: Illuminate\Foundation\Http\Middleware\CheckForMaintenanceMode->handle(Object(Illuminate\Http\Request), Object(Closure))
#69 /home/vagrant/Code/moell-blog/bootstrap/cache/compiled.php(9963): call_user_func_array(Array, Array)
#70 [internal function]: Illuminate\Pipeline\Pipeline->Illuminate\Pipeline\{closure}(Object(Illuminate\Http\Request))
#71 /home/vagrant/Code/moell-blog/vendor/laravel/framework/src/Illuminate/Routing/Pipeline.php(32): call_user_func(Object(Closure), Object(Illuminate\Http\Request))
#72 [internal function]: Illuminate\Routing\Pipeline->Illuminate\Routing\{closure}(Object(Illuminate\Http\Request))
#73 /home/vagrant/Code/moell-blog/bootstrap/cache/compiled.php(9948): call_user_func(Object(Closure), Object(Illuminate\Http\Request))
#74 /home/vagrant/Code/moell-blog/bootstrap/cache/compiled.php(2366): Illuminate\Pipeline\Pipeline->then(Object(Closure))
#75 /home/vagrant/Code/moell-blog/bootstrap/cache/compiled.php(2350): Illuminate\Foundation\Http\Kernel->sendRequestThroughRouter(Object(Illuminate\Http\Request))
#76 /home/vagrant/Code/moell-blog/public/index.php(53): Illuminate\Foundation\Http\Kernel->handle(Object(Illuminate\Http\Request))
#77 {main}  
[2018-03-26 12:09:09] local.ERROR: PDOException: SQLSTATE[HY000] [1045] Access denied for user 'homestead'@'localhost' (using password: YES) in /Users/gouweiba/Code/moell-blog/vendor/illuminate/database/Connectors/Connector.php:55
Stack trace:
#0 /Users/gouweiba/Code/moell-blog/vendor/illuminate/database/Connectors/Connector.php(55): PDO->__construct('mysql:host=127....', 'homestead', 'secret', Array)
#1 /Users/gouweiba/Code/moell-blog/vendor/illuminate/database/Connectors/MySqlConnector.php(24): Illuminate\Database\Connectors\Connector->createConnection('mysql:host=127....', Array, Array)
#2 /Users/gouweiba/Code/moell-blog/bootstrap/cache/compiled.php(11844): Illuminate\Database\Connectors\MySqlConnector->connect(Array)
#3 [internal function]: Illuminate\Database\Connectors\ConnectionFactory->Illuminate\Database\Connectors\{closure}()
#4 /Users/gouweiba/Code/moell-blog/vendor/illuminate/database/Connection.php(908): call_user_func(Object(Closure))
#5 /Users/gouweiba/Code/moell-blog/vendor/illuminate/database/Connection.php(776): Illuminate\Database\Connection->getPdo()
#6 /Users/gouweiba/Code/moell-blog/vendor/illuminate/database/Connection.php(661): Illuminate\Database\Connection->reconnectIfMissingConnection()
#7 /Users/gouweiba/Code/moell-blog/vendor/illuminate/database/Connection.php(342): Illuminate\Database\Connection->run('select * from i...', Array, Object(Closure))
#8 /Users/gouweiba/Code/moell-blog/vendor/illuminate/database/Schema/MySqlBuilder.php(21): Illuminate\Database\Connection->select('select * from i...', Array)
#9 /Users/gouweiba/Code/moell-blog/vendor/illuminate/database/Migrations/DatabaseMigrationRepository.php(141): Illuminate\Database\Schema\MySqlBuilder->hasTable('migrations')
#10 /Users/gouweiba/Code/moell-blog/vendor/illuminate/database/Migrations/Migrator.php(404): Illuminate\Database\Migrations\DatabaseMigrationRepository->repositoryExists()
#11 /Users/gouweiba/Code/moell-blog/vendor/illuminate/database/Console/Migrations/MigrateCommand.php(103): Illuminate\Database\Migrations\Migrator->repositoryExists()
#12 /Users/gouweiba/Code/moell-blog/vendor/illuminate/database/Console/Migrations/MigrateCommand.php(58): Illuminate\Database\Console\Migrations\MigrateCommand->prepareDatabase()
#13 [internal function]: Illuminate\Database\Console\Migrations\MigrateCommand->fire()
#14 /Users/gouweiba/Code/moell-blog/bootstrap/cache/compiled.php(1257): call_user_func_array(Array, Array)
#15 /Users/gouweiba/Code/moell-blog/vendor/illuminate/console/Command.php(169): Illuminate\Container\Container->call(Array)
#16 /Users/gouweiba/Code/moell-blog/vendor/symfony/console/Command/Command.php(256): Illuminate\Console\Command->execute(Object(Symfony\Component\Console\Input\ArgvInput), Object(Symfony\Component\Console\Output\ConsoleOutput))
#17 /Users/gouweiba/Code/moell-blog/vendor/illuminate/console/Command.php(155): Symfony\Component\Console\Command\Command->run(Object(Symfony\Component\Console\Input\ArgvInput), Object(Symfony\Component\Console\Output\ConsoleOutput))
#18 /Users/gouweiba/Code/moell-blog/vendor/symfony/console/Application.php(794): Illuminate\Console\Command->run(Object(Symfony\Component\Console\Input\ArgvInput), Object(Symfony\Component\Console\Output\ConsoleOutput))
#19 /Users/gouweiba/Code/moell-blog/vendor/symfony/console/Application.php(186): Symfony\Component\Console\Application->doRunCommand(Object(Illuminate\Database\Console\Migrations\MigrateCommand), Object(Symfony\Component\Console\Input\ArgvInput), Object(Symfony\Component\Console\Output\ConsoleOutput))
#20 /Users/gouweiba/Code/moell-blog/vendor/symfony/console/Application.php(117): Symfony\Component\Console\Application->doRun(Object(Symfony\Component\Console\Input\ArgvInput), Object(Symfony\Component\Console\Output\ConsoleOutput))
#21 /Users/gouweiba/Code/moell-blog/vendor/laravel/framework/src/Illuminate/Foundation/Console/Kernel.php(107): Symfony\Component\Console\Application->run(Object(Symfony\Component\Console\Input\ArgvInput), Object(Symfony\Component\Console\Output\ConsoleOutput))
#22 /Users/gouweiba/Code/moell-blog/artisan(35): Illuminate\Foundation\Console\Kernel->handle(Object(Symfony\Component\Console\Input\ArgvInput), Object(Symfony\Component\Console\Output\ConsoleOutput))
#23 {main}  
[2018-03-26 12:10:15] local.ERROR: PDOException: SQLSTATE[HY000] [1045] Access denied for user 'homestead'@'localhost' (using password: YES) in /Users/gouweiba/Code/moell-blog/vendor/illuminate/database/Connectors/Connector.php:55
Stack trace:
#0 /Users/gouweiba/Code/moell-blog/vendor/illuminate/database/Connectors/Connector.php(55): PDO->__construct('mysql:host=127....', 'homestead', 'secret', Array)
#1 /Users/gouweiba/Code/moell-blog/vendor/illuminate/database/Connectors/MySqlConnector.php(24): Illuminate\Database\Connectors\Connector->createConnection('mysql:host=127....', Array, Array)
#2 /Users/gouweiba/Code/moell-blog/bootstrap/cache/compiled.php(11844): Illuminate\Database\Connectors\MySqlConnector->connect(Array)
#3 [internal function]: Illuminate\Database\Connectors\ConnectionFactory->Illuminate\Database\Connectors\{closure}()
#4 /Users/gouweiba/Code/moell-blog/vendor/illuminate/database/Connection.php(908): call_user_func(Object(Closure))
#5 /Users/gouweiba/Code/moell-blog/vendor/illuminate/database/Connection.php(776): Illuminate\Database\Connection->getPdo()
#6 /Users/gouweiba/Code/moell-blog/vendor/illuminate/database/Connection.php(661): Illuminate\Database\Connection->reconnectIfMissingConnection()
#7 /Users/gouweiba/Code/moell-blog/vendor/illuminate/database/Connection.php(442): Illuminate\Database\Connection->run('insert into `us...', Array, Object(Closure))
#8 /Users/gouweiba/Code/moell-blog/vendor/illuminate/database/Connection.php(398): Illuminate\Database\Connection->statement('insert into `us...', Array)
#9 /Users/gouweiba/Code/moell-blog/vendor/illuminate/database/Query/Builder.php(2039): Illuminate\Database\Connection->insert('insert into `us...', Array)
#10 /Users/gouweiba/Code/moell-blog/database/seeds/UserTableSeeder.php(17): Illuminate\Database\Query\Builder->insert(Array)
#11 /Users/gouweiba/Code/moell-blog/vendor/illuminate/database/Seeder.php(39): UserTableSeeder->run()
#12 /Users/gouweiba/Code/moell-blog/database/seeds/DatabaseSeeder.php(17): Illuminate\Database\Seeder->call('UserTableSeeder')
#13 /Users/gouweiba/Code/moell-blog/vendor/illuminate/database/Console/Seeds/SeedCommand.php(63): DatabaseSeeder->run()
#14 /Users/gouweiba/Code/moell-blog/bootstrap/cache/compiled.php(11145): Illuminate\Database\Console\Seeds\SeedCommand->Illuminate\Database\Console\Seeds\{closure}()
#15 /Users/gouweiba/Code/moell-blog/vendor/illuminate/database/Console/Seeds/SeedCommand.php(64): Illuminate\Database\Eloquent\Model::unguarded(Object(Closure))
#16 [internal function]: Illuminate\Database\Console\Seeds\SeedCommand->fire()
#17 /Users/gouweiba/Code/moell-blog/bootstrap/cache/compiled.php(1257): call_user_func_array(Array, Array)
#18 /Users/gouweiba/Code/moell-blog/vendor/illuminate/console/Command.php(169): Illuminate\Container\Container->call(Array)
#19 /Users/gouweiba/Code/moell-blog/vendor/symfony/console/Command/Command.php(256): Illuminate\Console\Command->execute(Object(Symfony\Component\Console\Input\ArgvInput), Object(Symfony\Component\Console\Output\ConsoleOutput))
#20 /Users/gouweiba/Code/moell-blog/vendor/illuminate/console/Command.php(155): Symfony\Component\Console\Command\Command->run(Object(Symfony\Component\Console\Input\ArgvInput), Object(Symfony\Component\Console\Output\ConsoleOutput))
#21 /Users/gouweiba/Code/moell-blog/vendor/symfony/console/Application.php(794): Illuminate\Console\Command->run(Object(Symfony\Component\Console\Input\ArgvInput), Object(Symfony\Component\Console\Output\ConsoleOutput))
#22 /Users/gouweiba/Code/moell-blog/vendor/symfony/console/Application.php(186): Symfony\Component\Console\Application->doRunCommand(Object(Illuminate\Database\Console\Seeds\SeedCommand), Object(Symfony\Component\Console\Input\ArgvInput), Object(Symfony\Component\Console\Output\ConsoleOutput))
#23 /Users/gouweiba/Code/moell-blog/vendor/symfony/console/Application.php(117): Symfony\Component\Console\Application->doRun(Object(Symfony\Component\Console\Input\ArgvInput), Object(Symfony\Component\Console\Output\ConsoleOutput))
#24 /Users/gouweiba/Code/moell-blog/vendor/laravel/framework/src/Illuminate/Foundation/Console/Kernel.php(107): Symfony\Component\Console\Application->run(Object(Symfony\Component\Console\Input\ArgvInput), Object(Symfony\Component\Console\Output\ConsoleOutput))
#25 /Users/gouweiba/Code/moell-blog/artisan(35): Illuminate\Foundation\Console\Kernel->handle(Object(Symfony\Component\Console\Input\ArgvInput), Object(Symfony\Component\Console\Output\ConsoleOutput))
#26 {main}  
